<?xml version="1.0" encoding="UTF-8"?>
<!-- Generated by org.testng.reporters.JUnitReportReporter -->
<testsuite skipped="0" hostname="Riaz" name="Capstone.AutomationPractice6.SignToAmazon" tests="2" failures="0" timestamp="2024-05-11T08:46:17 EDT" time="15.328" errors="0">
  <testcase name="f" time="8.107" classname="Capstone.AutomationPractice6.SignToAmazon"/>
  <system-out/>
  <testcase name="f" time="7.221" classname="Capstone.AutomationPractice6.SignToAmazon"/>
  <system-out/>
</testsuite> <!-- Capstone.AutomationPractice6.SignToAmazon -->
