<?xml version="1.0" encoding="UTF-8"?>
<!-- Generated by org.testng.reporters.JUnitReportReporter -->
<testsuite skipped="0" hostname="Riaz" name="Capstone.AutomationPractice6.Points" tests="6" failures="0" timestamp="2024-05-11T08:46:17 EDT" time="40.059" errors="0">
  <testcase name="f" time="6.368" classname="Capstone.AutomationPractice6.Points"/>
  <system-out/>
  <testcase name="f" time="6.250" classname="Capstone.AutomationPractice6.Points"/>
  <system-out/>
  <testcase name="f" time="7.028" classname="Capstone.AutomationPractice6.Points"/>
  <system-out/>
  <testcase name="f" time="6.426" classname="Capstone.AutomationPractice6.Points"/>
  <system-out/>
  <testcase name="f" time="6.978" classname="Capstone.AutomationPractice6.Points"/>
  <system-out/>
  <testcase name="f" time="7.009" classname="Capstone.AutomationPractice6.Points"/>
  <system-out/>
</testsuite> <!-- Capstone.AutomationPractice6.Points -->
