<?xml version="1.0" encoding="UTF-8"?>
<!-- Generated by org.testng.reporters.JUnitReportReporter -->
<testsuite skipped="0" hostname="Riaz" name="Capstone.AutomationPractice6.TestOfVerification6" tests="4" failures="0" timestamp="2024-05-11T08:46:17 EDT" time="39.012" errors="0">
  <testcase name="signin" time="6.974" classname="Capstone.AutomationPractice6.TestOfVerification6"/>
  <system-out/>
  <testcase name="signin" time="6.410" classname="Capstone.AutomationPractice6.TestOfVerification6"/>
  <system-out/>
  <testcase name="f" time="13.178" classname="Capstone.AutomationPractice6.TestOfVerification6"/>
  <system-out/>
  <testcase name="f" time="12.450" classname="Capstone.AutomationPractice6.TestOfVerification6"/>
  <system-out/>
</testsuite> <!-- Capstone.AutomationPractice6.TestOfVerification6 -->
