<?xml version="1.0" encoding="UTF-8"?>
<!-- Generated by org.testng.reporters.JUnitReportReporter -->
<testsuite skipped="0" hostname="Riaz" name="Capstone.AutomationPractice6.Points" tests="3" failures="0" timestamp="2024-05-12T02:26:02 EDT" time="20.142" errors="0">
  <testcase name="f" time="6.747" classname="Capstone.AutomationPractice6.Points"/>
  <system-out/>
  <testcase name="f" time="6.741" classname="Capstone.AutomationPractice6.Points"/>
  <system-out/>
  <testcase name="f" time="6.654" classname="Capstone.AutomationPractice6.Points"/>
  <system-out/>
</testsuite> <!-- Capstone.AutomationPractice6.Points -->
