<?xml version="1.0" encoding="UTF-8"?>
<!-- Generated by org.testng.reporters.JUnitReportReporter -->
<testsuite skipped="0" hostname="Riaz" name="Capstone.AutomationPractice6.Points" tests="6" failures="0" timestamp="2024-05-06T03:13:13 EDT" time="43.154" errors="0">
  <testcase name="f" time="6.417" classname="Capstone.AutomationPractice6.Points"/>
  <system-out/>
  <testcase name="f" time="6.542" classname="Capstone.AutomationPractice6.Points"/>
  <system-out/>
  <testcase name="f" time="8.574" classname="Capstone.AutomationPractice6.Points"/>
  <system-out/>
  <testcase name="f" time="7.076" classname="Capstone.AutomationPractice6.Points"/>
  <system-out/>
  <testcase name="f" time="7.421" classname="Capstone.AutomationPractice6.Points"/>
  <system-out/>
  <testcase name="f" time="7.124" classname="Capstone.AutomationPractice6.Points"/>
  <system-out/>
</testsuite> <!-- Capstone.AutomationPractice6.Points -->
