<?xml version="1.0" encoding="UTF-8"?>
<!-- Generated by org.testng.reporters.JUnitReportReporter -->
<testsuite skipped="0" hostname="Riaz" name="Capstone.AutomationPractice6.Property" tests="2" failures="0" timestamp="2024-05-12T02:26:02 EDT" time="13.904" errors="0">
  <testcase name="f" time="6.210" classname="Capstone.AutomationPractice6.Property"/>
  <system-out/>
  <testcase name="f" time="7.694" classname="Capstone.AutomationPractice6.Property"/>
  <system-out/>
</testsuite> <!-- Capstone.AutomationPractice6.Property -->
