<?xml version="1.0" encoding="UTF-8"?>
<!-- Generated by org.testng.reporters.JUnitReportReporter -->
<testsuite skipped="0" hostname="Riaz" name="Capstone.AutomationPractice6.TestNGAnnotations" tests="1" failures="0" timestamp="2024-04-30T02:18:45 EDT" time="0.006" errors="0">
  <testcase name="f" time="0.006" classname="Capstone.AutomationPractice6.TestNGAnnotations"/>
  <system-out/>
</testsuite> <!-- Capstone.AutomationPractice6.TestNGAnnotations -->
