<?xml version="1.0" encoding="UTF-8"?>
<!-- Generated by org.testng.reporters.JUnitReportReporter -->
<testsuite skipped="0" hostname="Riaz" name="Capstone.AutomationPractice6.TestOfVerification6" tests="2" failures="0" timestamp="2024-05-12T02:26:02 EDT" time="19.572" errors="0">
  <testcase name="signin" time="6.611" classname="Capstone.AutomationPractice6.TestOfVerification6"/>
  <system-out/>
  <testcase name="f" time="12.961" classname="Capstone.AutomationPractice6.TestOfVerification6"/>
  <system-out/>
</testsuite> <!-- Capstone.AutomationPractice6.TestOfVerification6 -->
