<?xml version="1.0" encoding="UTF-8"?>
<!-- Generated by org.testng.reporters.JUnitReportReporter -->
<testsuite skipped="0" hostname="Riaz" name="Capstone.AutomationPractice6.Property" tests="2" failures="0" timestamp="2024-05-06T03:52:52 EDT" time="15.600" errors="0">
  <testcase name="f" time="8.257" classname="Capstone.AutomationPractice6.Property"/>
  <system-out/>
  <testcase name="f" time="7.343" classname="Capstone.AutomationPractice6.Property"/>
  <system-out/>
</testsuite> <!-- Capstone.AutomationPractice6.Property -->
